<?xml version="1.0" encoding="UTF-8"?>
<!DOCTYPE xml>
<!-- JBoss, Home of Professional Open Source Copyright 2014, Red Hat, Inc. 
and/or its affiliates, and individual contributors by the @authors tag. See 
the copyright.txt in the distribution for a full listing of individual contributors. 
Licensed under the Apache License, Version 2.0 (the "License"); you may not 
use this file except in compliance with the License. You may obtain a copy 
of the License at http://www.apache.org/licenses/LICENSE-2.0 Unless required 
by applicable law or agreed to in writing, software distributed under the 
License is distributed on an "AS IS" BASIS, WITHOUT WARRANTIES OR CONDITIONS 
OF ANY KIND, either express or implied. See the License for the specific 
language governing permissions and limitations under the License. -->
<persistence version="1.0" xmlns="http://java.sun.com/xml/ns/persistence">
    <persistence-unit name="testPU" transaction-type="RESOURCE_LOCAL">
        <provider>org.hibernate.ejb.HibernatePersistence</provider>
        
        <class>ve.gob.cne.sarc.persistencia.entidades.CiudadEntidad</class>
        <class>ve.gob.cne.sarc.persistencia.entidades.DiarioEntidad</class>
        <class>ve.gob.cne.sarc.persistencia.entidades.DiarioEstatusEntidad</class>
        <class>ve.gob.cne.sarc.persistencia.entidades.EntePublicoEntidad</class>
        <class>ve.gob.cne.sarc.persistencia.entidades.EstadoEntidad</class>
        <class>ve.gob.cne.sarc.persistencia.entidades.EstatusEntidad</class>
        <class>ve.gob.cne.sarc.persistencia.entidades.EstatusTramiteEntidad</class>
        <class>ve.gob.cne.sarc.persistencia.entidades.FuncionarioEntidad</class>
        <class>ve.gob.cne.sarc.persistencia.entidades.FuncionarioEstatusEntidad</class>
        <class>ve.gob.cne.sarc.persistencia.entidades.LibroEntidad</class>
        <class>ve.gob.cne.sarc.persistencia.entidades.LibroEstatusEntidad</class>
        <class>ve.gob.cne.sarc.persistencia.entidades.ModuloEntidad</class>
        <class>ve.gob.cne.sarc.persistencia.entidades.MunicipioEntidad</class>
        <class>ve.gob.cne.sarc.persistencia.entidades.NacionalidadEntidad</class>
        <class>ve.gob.cne.sarc.persistencia.entidades.OficinaConexionEntidad</class>
        <class>ve.gob.cne.sarc.persistencia.entidades.OficinaEntidad</class>
        <class>ve.gob.cne.sarc.persistencia.entidades.OficinaEstatusEntidad</class>
        <class>ve.gob.cne.sarc.persistencia.entidades.OficinaFuncionarioEntidad</class>
        <class>ve.gob.cne.sarc.persistencia.entidades.OficinaFuncionarioEstatusEntidad</class>
        <class>ve.gob.cne.sarc.persistencia.entidades.PaisEntidad</class>
        <class>ve.gob.cne.sarc.persistencia.entidades.ParroquiaEntidad</class>
        <class>ve.gob.cne.sarc.persistencia.entidades.RolEntidad</class>
        <class>ve.gob.cne.sarc.persistencia.entidades.RolUsuarioEntidad</class>
        <class>ve.gob.cne.sarc.persistencia.entidades.SolicitanteEntidad</class>
        <class>ve.gob.cne.sarc.persistencia.entidades.SolicitanteTipDocDecEntidad</class>
        <class>ve.gob.cne.sarc.persistencia.entidades.SolicitanteTipDocEnteEntidad</class>
        <class>ve.gob.cne.sarc.persistencia.entidades.SolicitanteTipoEntidad</class>
        <class>ve.gob.cne.sarc.persistencia.entidades.SolicitudEntidad</class>
        <class>ve.gob.cne.sarc.persistencia.entidades.SolicitudEstatusEntidad</class>
        <class>ve.gob.cne.sarc.persistencia.entidades.TipoEstatusEntidad</class>
        <class>ve.gob.cne.sarc.persistencia.entidades.TipoFuncionarioEntidad</class>
        <class>ve.gob.cne.sarc.persistencia.entidades.TipoLibroEntidad</class>
        <class>ve.gob.cne.sarc.persistencia.entidades.TipoLibroTipoOficinaEntidad</class>
        <class>ve.gob.cne.sarc.persistencia.entidades.TipoOficinaEntidad</class>
        <class>ve.gob.cne.sarc.persistencia.entidades.TipoOficinaModuloEntidad</class>
        <class>ve.gob.cne.sarc.persistencia.entidades.TramiteEntidad</class>
        <class>ve.gob.cne.sarc.persistencia.entidades.TramiteRolEntidad</class>
        <class>ve.gob.cne.sarc.persistencia.entidades.TramiteRolEstatusEntidad</class>
        <class>ve.gob.cne.sarc.persistencia.entidades.UsuarioEntidad</class>
    
        <class>ve.gob.cne.sarc.persistencia.entidades.TramitePaqueteEntidad</class>
        <class>ve.gob.cne.sarc.persistencia.entidades.TareaEntidad</class>
        <class>ve.gob.cne.sarc.persistencia.entidades.HistoricoNombreEntidad</class>
        <class>ve.gob.cne.sarc.persistencia.entidades.MudanzaOurcEntidad</class>
        <class>ve.gob.cne.sarc.persistencia.entidades.PaqueteEntidad</class>
        <class>ve.gob.cne.sarc.persistencia.entidades.PaqueteEstatusEntidad</class>
    
        <class>ve.gob.cne.sarc.persistencia.entidades.verificaracta.ArchivoActaEntidad</class>
        <class>ve.gob.cne.sarc.persistencia.entidades.verificaracta.ActaGPTDetalleEntidad</class>
        <class>ve.gob.cne.sarc.persistencia.entidades.verificaracta.ActaGPTEntidad</class>
        <class>ve.gob.cne.sarc.persistencia.entidades.verificaracta.ActaTranscritaDetalleEntidad</class>
        <class>ve.gob.cne.sarc.persistencia.entidades.verificaracta.ActaTranscritaEntidad</class>
        <class>ve.gob.cne.sarc.persistencia.entidades.verificaracta.CampoEntidad</class>
        <class>ve.gob.cne.sarc.persistencia.entidades.verificaracta.ResultadoVerificacionEntidad</class>
        <class>ve.gob.cne.sarc.persistencia.entidades.verificaracta.TipoArchivoEntidad</class>  
    
    
        <properties>
            <property name="hibernate.hbm2ddl.auto" value="validate"/>
            <property name="hibernate.show_sql" value="false"/>
        </properties>
    </persistence-unit>
</persistence>
